0 info it worked if it ends with ok
1 verbose cli [ 'node',
1 verbose cli   '/usr/local/bin/npm',
1 verbose cli   'install',
1 verbose cli   'threejs-stats',
1 verbose cli   '--save-dev' ]
2 info using npm@1.4.21
3 info using node@v0.10.30
4 verbose readDependencies using package.json deps
5 verbose cache add [ 'threejs-stats', null ]
6 verbose cache add name=undefined spec="threejs-stats" args=["threejs-stats",null]
7 verbose parsed url { protocol: null,
7 verbose parsed url   slashes: null,
7 verbose parsed url   auth: null,
7 verbose parsed url   host: null,
7 verbose parsed url   port: null,
7 verbose parsed url   hostname: null,
7 verbose parsed url   hash: null,
7 verbose parsed url   search: null,
7 verbose parsed url   query: null,
7 verbose parsed url   pathname: 'threejs-stats',
7 verbose parsed url   path: 'threejs-stats',
7 verbose parsed url   href: 'threejs-stats' }
8 silly lockFile 9d1db46d-threejs-stats threejs-stats
9 verbose lock threejs-stats /Users/mike/.npm/9d1db46d-threejs-stats.lock
10 silly lockFile 9d1db46d-threejs-stats threejs-stats
11 silly lockFile 9d1db46d-threejs-stats threejs-stats
12 verbose addNamed [ 'threejs-stats', '' ]
13 verbose addNamed [ null, '*' ]
14 silly lockFile 1abf56ac-threejs-stats threejs-stats@
15 verbose lock threejs-stats@ /Users/mike/.npm/1abf56ac-threejs-stats.lock
16 silly addNameRange { name: 'threejs-stats', range: '*', hasData: false }
17 verbose request where is /threejs-stats
18 verbose request registry https://registry.npmjs.org/
19 verbose request id 9d0b586482dee18d
20 verbose url raw /threejs-stats
21 verbose url resolving [ 'https://registry.npmjs.org/', './threejs-stats' ]
22 verbose url resolved https://registry.npmjs.org/threejs-stats
23 verbose request where is https://registry.npmjs.org/threejs-stats
24 info trying registry request attempt 1 at 00:55:05
25 http GET https://registry.npmjs.org/threejs-stats
26 http 404 https://registry.npmjs.org/threejs-stats
27 verbose headers { date: 'Sun, 31 Aug 2014 22:55:06 GMT',
27 verbose headers   server: 'CouchDB/1.5.0 (Erlang OTP/R16B03)',
27 verbose headers   'content-type': 'application/json',
27 verbose headers   'cache-control': 'max-age=0',
27 verbose headers   'content-length': '52',
27 verbose headers   'accept-ranges': 'bytes',
27 verbose headers   via: '1.1 varnish',
27 verbose headers   age: '0',
27 verbose headers   'x-served-by': 'cache-lcy1129-LCY',
27 verbose headers   'x-cache': 'MISS',
27 verbose headers   'x-cache-hits': '0',
27 verbose headers   'x-timer': 'S1409525706.127917,VS0,VE656',
27 verbose headers   'keep-alive': 'timeout=10, max=50',
27 verbose headers   connection: 'Keep-Alive' }
28 silly registry.get cb [ 404,
28 silly registry.get   { date: 'Sun, 31 Aug 2014 22:55:06 GMT',
28 silly registry.get     server: 'CouchDB/1.5.0 (Erlang OTP/R16B03)',
28 silly registry.get     'content-type': 'application/json',
28 silly registry.get     'cache-control': 'max-age=0',
28 silly registry.get     'content-length': '52',
28 silly registry.get     'accept-ranges': 'bytes',
28 silly registry.get     via: '1.1 varnish',
28 silly registry.get     age: '0',
28 silly registry.get     'x-served-by': 'cache-lcy1129-LCY',
28 silly registry.get     'x-cache': 'MISS',
28 silly registry.get     'x-cache-hits': '0',
28 silly registry.get     'x-timer': 'S1409525706.127917,VS0,VE656',
28 silly registry.get     'keep-alive': 'timeout=10, max=50',
28 silly registry.get     connection: 'Keep-Alive' } ]
29 silly lockFile 1abf56ac-threejs-stats threejs-stats@
30 silly lockFile 1abf56ac-threejs-stats threejs-stats@
31 error 404 404 Not Found: threejs-stats
31 error 404
31 error 404 'threejs-stats' is not in the npm registry.
31 error 404 You should bug the author to publish it
31 error 404 It was specified as a dependency of 'TADkit'
31 error 404
31 error 404 Note that you can also install from a
31 error 404 tarball, folder, or http url, or git url.
32 error System Darwin 13.3.0
33 error command "node" "/usr/local/bin/npm" "install" "threejs-stats" "--save-dev"
34 error cwd /Users/mike/Github/TADkit
35 error node -v v0.10.30
36 error npm -v 1.4.21
37 error code E404
38 verbose exit [ 1, true ]
